Arguments: 
  C:\Program Files\nodejs\node.exe C:\Users\蔡嘉迪\AppData\Roaming\npm\node_modules\yarn\bin\yarn.js dev

PATH: 
  C:\Program Files (x86)\Intel\Intel(R) Management Engine Components\iCLS\;C:\Program Files\Intel\Intel(R) Management Engine Components\iCLS\;C:\Windows\system32;C:\Windows;C:\Windows\System32\Wbem;C:\Windows\System32\WindowsPowerShell\v1.0\;C:\Windows\System32\OpenSSH\;C:\Program Files (x86)\Intel\Intel(R) Management Engine Components\DAL;C:\Program Files\Intel\Intel(R) Management Engine Components\DAL;C:\Program Files (x86)\Intel\Intel(R) Management Engine Components\IPT;C:\Program Files\Intel\Intel(R) Management Engine Components\IPT;C:\Program Files (x86)\NVIDIA Corporation\PhysX\Common;C:\Program Files\NVIDIA Corporation\NVIDIA NvDLISR;C:\Program Files\Intel\WiFi\bin\;C:\Program Files\Common Files\Intel\WirelessCommon\;C:\Program Files\nodejs\;C:\Program Files\Git\cmd;C:\Users\蔡嘉迪\AppData\Local\Microsoft\WindowsApps;C:\Users\蔡嘉迪\AppData\Local\Programs\Microsoft VS Code\bin;C:\Users\蔡嘉迪\AppData\Roaming\npm;C:\Users\蔡嘉迪\AppData\Local\BypassRuntm

Yarn version: 
  1.13.0

Node version: 
  8.11.1

Platform: 
  win32 x64

Trace: 
  SyntaxError: D:\webpack\React\package.json: Unexpected token } in JSON at position 351
      at JSON.parse (<anonymous>)
      at C:\Users\蔡嘉迪\AppData\Roaming\npm\node_modules\yarn\lib\cli.js:1625:59
      at Generator.next (<anonymous>)
      at step (C:\Users\蔡嘉迪\AppData\Roaming\npm\node_modules\yarn\lib\cli.js:304:30)
      at C:\Users\蔡嘉迪\AppData\Roaming\npm\node_modules\yarn\lib\cli.js:315:13
      at <anonymous>

npm manifest: 
  {
    "name": "react",
    "version": "0.1.0",
    "description": "",
    "main": "index.js",
    "scripts": {
      "test": "echo \"Error: no test specified\" && exit 1",
      "dev": "webpack-dev-server --hot",
      "build:node": "webpack --env production --target node --filename node.js",
      "build:browser": "webpack --env production --filename browser.js",
    },
    "keywords": [],
    "author": "",
    "license": "ISC",
    "devDependencies": {
      "@babel/preset-react": "^7.0.0",
      "babel-plugin-transform-react-display-name": "^6.25.0",
      "babel-plugin-transform-react-jsx": "^6.24.1",
      "babel-preset-flow": "^6.23.0",
      "babel-preset-react": "^6.24.1",
      "css-loader": "^2.1.1",
      "express": "^4.16.4",
      "extract-text-webpack-plugin": "^3.0.2",
      "ignore-loader": "^0.1.2",
      "mini-css-extract-plugin": "^0.6.0",
      "webpack-node-externals": "^1.7.2"
    }
  }

yarn manifest: 
  No manifest

Lockfile: 
  No lockfile
